e: file:///C:/game-projects/gravity-paradox-app/android-native/android/src/main/kotlin/com/gravityflip/game/AndroidLauncher.kt:27:20 Unresolved reference: GravityFlipGame

FAILURE: Build failed with an exception.

* What went wrong:
Execution failed for task ':android:compileDebugKotlin'.
> A failure occurred while executing org.jetbrains.kotlin.compilerRunner.GradleCompilerRunnerWithWorkers$GradleKotlinCompilerWorkAction
   > Compilation error. See log for more details

* Try:
> Run with --stacktrace option to get the stack trace.
> Run with --info or --debug option to get more log output.
> Run with --scan to get full insights.
> Get more help at https://help.gradle.org.

BUILD FAILED in 23s
